---------------------------------------
Queueing Random Number: 744
	Minimum Priority Heap in 1 moves
	Linear Linked List in 1 move(s)
---------------------------------------
Queueing Random Number: 308
	Minimum Priority Heap in 2 moves
	Linear Linked List in 1 move(s)
---------------------------------------
Queueing Random Number: 877
	Minimum Priority Heap in 1 moves
	Linear Linked List in 3 move(s)
---------------------------------------
Queueing Random Number: 831
	Minimum Priority Heap in 1 moves
	Linear Linked List in 3 move(s)
---------------------------------------
Queueing Random Number: 3
	Minimum Priority Heap in 3 moves
	Linear Linked List in 1 move(s)
---------------------------------------
Queueing Random Number: 494
	Minimum Priority Heap in 2 moves
	Linear Linked List in 3 move(s)
---------------------------------------
Queueing Random Number: 429
	Minimum Priority Heap in 2 moves
	Linear Linked List in 3 move(s)
---------------------------------------
Queueing Random Number: 780
	Minimum Priority Heap in 2 moves
	Linear Linked List in 6 move(s)
---------------------------------------
Queueing Random Number: 960
	Minimum Priority Heap in 1 moves
	Linear Linked List in 9 move(s)
---------------------------------------
Queueing Random Number: 883
	Minimum Priority Heap in 1 moves
	Linear Linked List in 9 move(s)
---------------------------------------
Queueing Random Number: 759
	Minimum Priority Heap in 1 moves
	Linear Linked List in 6 move(s)
---------------------------------------
Queueing Random Number: 219
	Minimum Priority Heap in 3 moves
	Linear Linked List in 2 move(s)
---------------------------------------
Queueing Random Number: 33
	Minimum Priority Heap in 3 moves
	Linear Linked List in 2 move(s)
---------------------------------------
Queueing Random Number: 261
	Minimum Priority Heap in 2 moves
	Linear Linked List in 4 move(s)
---------------------------------------
Queueing Random Number: 758
	Minimum Priority Heap in 1 moves
	Linear Linked List in 9 move(s)
---------------------------------------
Queueing Random Number: 162
	Minimum Priority Heap in 4 moves
	Linear Linked List in 3 move(s)
---------------------------------------
Queueing Random Number: 653
	Minimum Priority Heap in 2 moves
	Linear Linked List in 9 move(s)
---------------------------------------
Queueing Random Number: 81
	Minimum Priority Heap in 4 moves
	Linear Linked List in 3 move(s)
---------------------------------------
Queueing Random Number: 946
	Minimum Priority Heap in 1 moves
	Linear Linked List in 18 move(s)
---------------------------------------
Queueing Random Number: 356
	Minimum Priority Heap in 3 moves
	Linear Linked List in 8 move(s)
---------------------------------------
Queueing Random Number: 180
	Minimum Priority Heap in 3 moves
	Linear Linked List in 5 move(s)
---------------------------------------
Queueing Random Number: 194
	Minimum Priority Heap in 2 moves
	Linear Linked List in 6 move(s)
---------------------------------------
Queueing Random Number: 346
	Minimum Priority Heap in 1 moves
	Linear Linked List in 10 move(s)
---------------------------------------
Queueing Random Number: 403
	Minimum Priority Heap in 2 moves
	Linear Linked List in 12 move(s)
---------------------------------------
Queueing Random Number: 905
	Minimum Priority Heap in 1 moves
	Linear Linked List in 23 move(s)
---------------------------------------
Queueing Random Number: 266
	Minimum Priority Heap in 2 moves
	Linear Linked List in 9 move(s)
---------------------------------------
Queueing Random Number: 614
	Minimum Priority Heap in 1 moves
	Linear Linked List in 16 move(s)
---------------------------------------
Queueing Random Number: 961
	Minimum Priority Heap in 1 moves
	Linear Linked List in 28 move(s)
---------------------------------------
Queueing Random Number: 200
	Minimum Priority Heap in 3 moves
	Linear Linked List in 7 move(s)
---------------------------------------
Queueing Random Number: 387
	Minimum Priority Heap in 2 moves
	Linear Linked List in 14 move(s)
---------------------------------------
Queueing Random Number: 378
	Minimum Priority Heap in 2 moves
	Linear Linked List in 14 move(s)
---------------------------------------
Queueing Random Number: 935
	Minimum Priority Heap in 1 moves
	Linear Linked List in 29 move(s)
---------------------------------------
Queueing Random Number: 808
	Minimum Priority Heap in 2 moves
	Linear Linked List in 25 move(s)
---------------------------------------
Queueing Random Number: 111
	Minimum Priority Heap in 4 moves
	Linear Linked List in 4 move(s)
---------------------------------------
Queueing Random Number: 74
	Minimum Priority Heap in 5 moves
	Linear Linked List in 3 move(s)
---------------------------------------
Queueing Random Number: 906
	Minimum Priority Heap in 2 moves
	Linear Linked List in 32 move(s)
---------------------------------------
Queueing Random Number: 365
	Minimum Priority Heap in 2 moves
	Linear Linked List in 16 move(s)
---------------------------------------
Queueing Random Number: 230
	Minimum Priority Heap in 3 moves
	Linear Linked List in 11 move(s)
---------------------------------------
Queueing Random Number: 601
	Minimum Priority Heap in 1 moves
	Linear Linked List in 23 move(s)
---------------------------------------
Queueing Random Number: 593
	Minimum Priority Heap in 2 moves
	Linear Linked List in 23 move(s)
---------------------------------------
Queueing Random Number: 857
	Minimum Priority Heap in 1 moves
	Linear Linked List in 33 move(s)
---------------------------------------
Queueing Random Number: 564
	Minimum Priority Heap in 2 moves
	Linear Linked List in 23 move(s)
---------------------------------------
Queueing Random Number: 685
	Minimum Priority Heap in 1 moves
	Linear Linked List in 28 move(s)
---------------------------------------
Queueing Random Number: 771
	Minimum Priority Heap in 1 moves
	Linear Linked List in 32 move(s)
---------------------------------------
Queueing Random Number: 173
	Minimum Priority Heap in 4 moves
	Linear Linked List in 7 move(s)
---------------------------------------
Queueing Random Number: 150
	Minimum Priority Heap in 4 moves
	Linear Linked List in 6 move(s)
---------------------------------------
Queueing Random Number: 500
	Minimum Priority Heap in 1 moves
	Linear Linked List in 25 move(s)
---------------------------------------
Queueing Random Number: 85
	Minimum Priority Heap in 4 moves
	Linear Linked List in 5 move(s)
---------------------------------------
Queueing Random Number: 543
	Minimum Priority Heap in 1 moves
	Linear Linked List in 27 move(s)
---------------------------------------
Queueing Random Number: 709
	Minimum Priority Heap in 2 moves
	Linear Linked List in 34 move(s)
---------------------------------------


---------------------------------------
Dequeueing from Heap: Number 3
	Heap moves: 6
Dequeueing from List: Number 3
	List moves: 1
---------------------------------------
Dequeueing from Heap: Number 33
	Heap moves: 6
Dequeueing from List: Number 33
	List moves: 1
---------------------------------------
Dequeueing from Heap: Number 74
	Heap moves: 6
Dequeueing from List: Number 74
	List moves: 1
---------------------------------------
Dequeueing from Heap: Number 81
	Heap moves: 5
Dequeueing from List: Number 81
	List moves: 1
---------------------------------------
Dequeueing from Heap: Number 85
	Heap moves: 5
Dequeueing from List: Number 85
	List moves: 1
---------------------------------------
Dequeueing from Heap: Number 111
	Heap moves: 6
Dequeueing from List: Number 111
	List moves: 1
---------------------------------------
Dequeueing from Heap: Number 150
	Heap moves: 5
Dequeueing from List: Number 150
	List moves: 1
---------------------------------------
Dequeueing from Heap: Number 162
	Heap moves: 5
Dequeueing from List: Number 162
	List moves: 1
---------------------------------------
Dequeueing from Heap: Number 173
	Heap moves: 5
Dequeueing from List: Number 173
	List moves: 1
---------------------------------------
Dequeueing from Heap: Number 180
	Heap moves: 5
Dequeueing from List: Number 180
	List moves: 1
---------------------------------------
Dequeueing from Heap: Number 194
	Heap moves: 5
Dequeueing from List: Number 194
	List moves: 1
---------------------------------------
Dequeueing from Heap: Number 200
	Heap moves: 5
Dequeueing from List: Number 200
	List moves: 1
---------------------------------------
Dequeueing from Heap: Number 219
	Heap moves: 5
Dequeueing from List: Number 219
	List moves: 1
---------------------------------------
Dequeueing from Heap: Number 230
	Heap moves: 5
Dequeueing from List: Number 230
	List moves: 1
---------------------------------------
Dequeueing from Heap: Number 261
	Heap moves: 5
Dequeueing from List: Number 261
	List moves: 1
---------------------------------------
Dequeueing from Heap: Number 266
	Heap moves: 5
Dequeueing from List: Number 266
	List moves: 1
---------------------------------------
Dequeueing from Heap: Number 308
	Heap moves: 5
Dequeueing from List: Number 308
	List moves: 1
---------------------------------------
Dequeueing from Heap: Number 346
	Heap moves: 4
Dequeueing from List: Number 346
	List moves: 1
---------------------------------------
Dequeueing from Heap: Number 356
	Heap moves: 5
Dequeueing from List: Number 356
	List moves: 1
---------------------------------------
Dequeueing from Heap: Number 365
	Heap moves: 5
Dequeueing from List: Number 365
	List moves: 1
---------------------------------------
Dequeueing from Heap: Number 378
	Heap moves: 5
Dequeueing from List: Number 378
	List moves: 1
---------------------------------------
Dequeueing from Heap: Number 387
	Heap moves: 5
Dequeueing from List: Number 387
	List moves: 1
---------------------------------------
Dequeueing from Heap: Number 403
	Heap moves: 4
Dequeueing from List: Number 403
	List moves: 1
---------------------------------------
Dequeueing from Heap: Number 429
	Heap moves: 4
Dequeueing from List: Number 429
	List moves: 1
---------------------------------------
Dequeueing from Heap: Number 494
	Heap moves: 4
Dequeueing from List: Number 494
	List moves: 1
---------------------------------------
Dequeueing from Heap: Number 500
	Heap moves: 4
Dequeueing from List: Number 500
	List moves: 1
---------------------------------------
Dequeueing from Heap: Number 543
	Heap moves: 5
Dequeueing from List: Number 543
	List moves: 1
---------------------------------------
Dequeueing from Heap: Number 564
	Heap moves: 5
Dequeueing from List: Number 564
	List moves: 1
---------------------------------------
Dequeueing from Heap: Number 593
	Heap moves: 3
Dequeueing from List: Number 593
	List moves: 1
---------------------------------------
Dequeueing from Heap: Number 601
	Heap moves: 4
Dequeueing from List: Number 601
	List moves: 1
---------------------------------------
Dequeueing from Heap: Number 614
	Heap moves: 4
Dequeueing from List: Number 614
	List moves: 1
---------------------------------------
Dequeueing from Heap: Number 653
	Heap moves: 4
Dequeueing from List: Number 653
	List moves: 1
---------------------------------------
Dequeueing from Heap: Number 685
	Heap moves: 3
Dequeueing from List: Number 685
	List moves: 1
---------------------------------------
Dequeueing from Heap: Number 709
	Heap moves: 5
Dequeueing from List: Number 709
	List moves: 1
---------------------------------------
Dequeueing from Heap: Number 744
	Heap moves: 4
Dequeueing from List: Number 744
	List moves: 1
---------------------------------------
Dequeueing from Heap: Number 758
	Heap moves: 3
Dequeueing from List: Number 758
	List moves: 1
---------------------------------------
Dequeueing from Heap: Number 759
	Heap moves: 4
Dequeueing from List: Number 759
	List moves: 1
---------------------------------------
Dequeueing from Heap: Number 771
	Heap moves: 4
Dequeueing from List: Number 771
	List moves: 1
---------------------------------------
Dequeueing from Heap: Number 780
	Heap moves: 3
Dequeueing from List: Number 780
	List moves: 1
---------------------------------------
Dequeueing from Heap: Number 808
	Heap moves: 3
Dequeueing from List: Number 808
	List moves: 1
---------------------------------------
Dequeueing from Heap: Number 831
	Heap moves: 3
Dequeueing from List: Number 831
	List moves: 1
---------------------------------------
Dequeueing from Heap: Number 857
	Heap moves: 3
Dequeueing from List: Number 857
	List moves: 1
---------------------------------------
Dequeueing from Heap: Number 877
	Heap moves: 3
Dequeueing from List: Number 877
	List moves: 1
---------------------------------------
Dequeueing from Heap: Number 883
	Heap moves: 3
Dequeueing from List: Number 883
	List moves: 1
---------------------------------------
Dequeueing from Heap: Number 905
	Heap moves: 3
Dequeueing from List: Number 905
	List moves: 1
---------------------------------------
Dequeueing from Heap: Number 906
	Heap moves: 3
Dequeueing from List: Number 906
	List moves: 1
---------------------------------------
Dequeueing from Heap: Number 935
	Heap moves: 2
Dequeueing from List: Number 935
	List moves: 1
---------------------------------------
Dequeueing from Heap: Number 946
	Heap moves: 2
Dequeueing from List: Number 946
	List moves: 1
---------------------------------------
Dequeueing from Heap: Number 960
	Heap moves: 1
Dequeueing from List: Number 960
	List moves: 1
---------------------------------------
Dequeueing from Heap: Number 961
	Heap moves: 1
Dequeueing from List: Number 961
	List moves: 1
---------------------------------------
Total Moves...
	Heap: 310
	List: 683

Heap efficiency: 120%
